[06-Sep-2024 09:34:26 UTC] PHP Warning:  Undefined variable $post_id in C:\Users\86150\Local Sites\woodemo\app\public\wp-content\themes\woo-demo\woocommerce\single-product-comments.php on line 79
[06-Sep-2024 09:36:05 UTC] PHP Warning:  Undefined variable $post_id in C:\Users\86150\Local Sites\woodemo\app\public\wp-content\themes\woo-demo\woocommerce\single-product-comments.php on line 79
[06-Sep-2024 09:38:34 UTC] PHP Warning:  Undefined variable $post_id in C:\Users\86150\Local Sites\woodemo\app\public\wp-content\themes\woo-demo\woocommerce\single-product-comments.php on line 79
[06-Sep-2024 09:38:36 UTC] PHP Warning:  Undefined variable $post_id in C:\Users\86150\Local Sites\woodemo\app\public\wp-content\themes\woo-demo\woocommerce\single-product-comments.php on line 79
[06-Sep-2024 09:38:38 UTC] PHP Warning:  Undefined variable $post_id in C:\Users\86150\Local Sites\woodemo\app\public\wp-content\themes\woo-demo\woocommerce\single-product-comments.php on line 79
[06-Sep-2024 09:39:21 UTC] PHP Warning:  Undefined variable $post_id in C:\Users\86150\Local Sites\woodemo\app\public\wp-content\themes\woo-demo\inc\comment.php on line 164
[06-Sep-2024 09:39:21 UTC] PHP Warning:  Undefined variable $comments_per_page in C:\Users\86150\Local Sites\woodemo\app\public\wp-content\themes\woo-demo\inc\comment.php on line 172
[06-Sep-2024 09:43:40 UTC] PHP Warning:  Undefined variable $post_id in C:\Users\86150\Local Sites\woodemo\app\public\wp-content\themes\woo-demo\woocommerce\single-product-comments.php on line 79
[06-Sep-2024 09:50:14 UTC] PHP Warning:  Undefined variable $post_id in C:\Users\86150\Local Sites\woodemo\app\public\wp-content\themes\woo-demo\woocommerce\single-product-comments.php on line 79
[06-Sep-2024 09:59:10 UTC] PHP Warning:  Undefined variable $post_id in C:\Users\86150\Local Sites\woodemo\app\public\wp-content\themes\woo-demo\woocommerce\single-product-comments.php on line 79
[06-Sep-2024 09:59:38 UTC] PHP Warning:  Undefined variable $post_id in C:\Users\86150\Local Sites\woodemo\app\public\wp-content\themes\woo-demo\woocommerce\single-product-comments.php on line 79
[06-Sep-2024 10:01:38 UTC] PHP Warning:  Undefined variable $post_id in C:\Users\86150\Local Sites\woodemo\app\public\wp-content\themes\woo-demo\woocommerce\single-product-comments.php on line 79
[06-Sep-2024 10:02:20 UTC] PHP Warning:  Undefined variable $post_id in C:\Users\86150\Local Sites\woodemo\app\public\wp-content\themes\woo-demo\woocommerce\single-product-comments.php on line 79
[06-Sep-2024 10:02:39 UTC] PHP Warning:  Undefined variable $post_id in C:\Users\86150\Local Sites\woodemo\app\public\wp-content\themes\woo-demo\woocommerce\single-product-comments.php on line 79
[06-Sep-2024 10:02:41 UTC] PHP Warning:  Undefined variable $post_id in C:\Users\86150\Local Sites\woodemo\app\public\wp-content\themes\woo-demo\woocommerce\single-product-comments.php on line 79
[06-Sep-2024 14:19:09 UTC] PHP Warning:  Undefined variable $post_id in C:\Users\86150\Local Sites\woodemo\app\public\wp-content\themes\woo-demo\woocommerce\single-product-comments.php on line 79
[06-Sep-2024 14:27:49 UTC] PHP Warning:  Undefined variable $post_id in C:\Users\86150\Local Sites\woodemo\app\public\wp-content\themes\woo-demo\woocommerce\single-product-comments.php on line 79
[06-Sep-2024 14:31:33 UTC] Loading template: C:\Users\86150\Local Sites\woodemo\app\public/wp-content/themes/woo-demo/index.php
[06-Sep-2024 14:31:33 UTC] Incorrect template loaded: index.php
[06-Sep-2024 14:31:40 UTC] Loading template: C:\Users\86150\Local Sites\woodemo\app\public/wp-content/themes/woo-demo/index.php
[06-Sep-2024 14:31:40 UTC] Incorrect template loaded: index.php
[06-Sep-2024 14:45:22 UTC] PHP Warning:  translations_api(): An unexpected error occurred. Something may be wrong with WordPress.org or this server&#8217;s configuration. If you continue to have problems, please try the <a href="https://wordpress.org/support/forums/">support forums</a>. (WordPress could not establish a secure connection to WordPress.org. Please contact your server administrator.) in C:\Users\86150\Local Sites\woodemo\app\public\wp-includes\functions.php on line 6085
[06-Sep-2024 14:47:36 UTC] Loading template: C:\Users\86150\Local Sites\woodemo\app\public/wp-content/themes/woo-demo/index.php
[06-Sep-2024 14:47:36 UTC] Incorrect template loaded: index.php
[06-Sep-2024 14:47:37 UTC] PHP Warning:  Undefined variable $post_id in C:\Users\86150\Local Sites\woodemo\app\public\wp-content\themes\woo-demo\woocommerce\single-product-comments.php on line 79
[06-Sep-2024 14:53:03 UTC] Loading template: C:\Users\86150\Local Sites\woodemo\app\public/wp-content/themes/woo-demo/index.php
[06-Sep-2024 14:53:03 UTC] Incorrect template loaded: index.php
[06-Sep-2024 14:53:04 UTC] Loading template: C:\Users\86150\Local Sites\woodemo\app\public/wp-content/themes/woo-demo/index.php
[06-Sep-2024 14:53:04 UTC] Incorrect template loaded: index.php
[06-Sep-2024 14:53:07 UTC] PHP Warning:  Undefined variable $post_id in C:\Users\86150\Local Sites\woodemo\app\public\wp-content\themes\woo-demo\woocommerce\single-product-comments.php on line 79
[07-Sep-2024 07:41:55 UTC] Automatic updates starting...
[07-Sep-2024 07:41:56 UTC]   Automatic plugin updates starting...
[07-Sep-2024 07:41:56 UTC]   Automatic plugin updates complete.
[07-Sep-2024 07:41:57 UTC]   Automatic theme updates starting...
[07-Sep-2024 07:41:57 UTC]   Automatic theme updates complete.
[07-Sep-2024 07:41:57 UTC] Automatic updates complete.
[07-Sep-2024 07:43:09 UTC] PHP Warning:  Undefined variable $post_id in C:\Users\86150\Local Sites\woodemo\app\public\wp-content\themes\woo-demo\woocommerce\single-product-comments.php on line 79
[07-Sep-2024 07:49:32 UTC] PHP Warning:  Undefined variable $post_id in C:\Users\86150\Local Sites\woodemo\app\public\wp-content\themes\woo-demo\inc\comment.php on line 164
[07-Sep-2024 07:49:32 UTC] PHP Warning:  Undefined variable $comments_per_page in C:\Users\86150\Local Sites\woodemo\app\public\wp-content\themes\woo-demo\inc\comment.php on line 172
[07-Sep-2024 08:42:17 UTC] Loading template: C:\Users\86150\Local Sites\woodemo\app\public/wp-content/themes/woo-demo/index.php
[07-Sep-2024 08:42:17 UTC] Incorrect template loaded: index.php
[09-Sep-2024 08:42:32 UTC] Loading template: C:\Users\86150\Local Sites\woodemo\app\public/wp-content/themes/woo-demo/index.php
[09-Sep-2024 08:42:32 UTC] Incorrect template loaded: index.php
[09-Sep-2024 08:43:06 UTC] Loading template: C:\Users\86150\Local Sites\woodemo\app\public/wp-content/themes/woo-demo/index.php
[09-Sep-2024 08:43:06 UTC] Incorrect template loaded: index.php
[09-Sep-2024 08:46:14 UTC] Loading template: C:\Users\86150\Local Sites\woodemo\app\public/wp-content/themes/woo-demo/index.php
[09-Sep-2024 08:46:14 UTC] Incorrect template loaded: index.php
[09-Sep-2024 09:20:48 UTC] Loading template: C:\Users\86150\Local Sites\woodemo\app\public/wp-content/themes/woo-demo/page.php
[09-Sep-2024 09:20:48 UTC] Incorrect template loaded: page.php
[09-Sep-2024 09:21:16 UTC] Loading template: C:\Users\86150\Local Sites\woodemo\app\public/wp-content/themes/woo-demo/index.php
[09-Sep-2024 09:21:16 UTC] Incorrect template loaded: index.php
[10-Sep-2024 04:27:16 UTC] Automatic updates starting...
[10-Sep-2024 04:27:17 UTC]   Automatic plugin updates starting...
[10-Sep-2024 04:27:17 UTC]   Automatic plugin updates complete.
[10-Sep-2024 04:27:17 UTC]   Automatic theme updates starting...
[10-Sep-2024 04:27:17 UTC]   Automatic theme updates complete.
[10-Sep-2024 04:27:17 UTC] Automatic updates complete.
[10-Sep-2024 04:28:05 UTC] Loading template: C:\Users\86150\Local Sites\woodemo\app\public/wp-content/themes/woo-demo/index.php
[10-Sep-2024 04:28:05 UTC] Incorrect template loaded: index.php
[10-Sep-2024 04:41:37 UTC] PHP Deprecated:  Function Your theme version of my-account.php template is <strong>deprecated</strong> since version 2.6! Use the latest version, which supports multiple account pages and navigation, from WC 2.6.0 instead. in C:\Users\86150\Local Sites\woodemo\app\public\wp-includes\functions.php on line 6085
[10-Sep-2024 04:41:40 UTC] PHP Deprecated:  Function Your theme version of my-account.php template is <strong>deprecated</strong> since version 2.6! Use the latest version, which supports multiple account pages and navigation, from WC 2.6.0 instead. in C:\Users\86150\Local Sites\woodemo\app\public\wp-includes\functions.php on line 6085
[10-Sep-2024 04:41:48 UTC] PHP Deprecated:  Function Your theme version of my-account.php template is <strong>deprecated</strong> since version 2.6! Use the latest version, which supports multiple account pages and navigation, from WC 2.6.0 instead. in C:\Users\86150\Local Sites\woodemo\app\public\wp-includes\functions.php on line 6085
[10-Sep-2024 04:41:50 UTC] PHP Deprecated:  Function Your theme version of my-account.php template is <strong>deprecated</strong> since version 2.6! Use the latest version, which supports multiple account pages and navigation, from WC 2.6.0 instead. in C:\Users\86150\Local Sites\woodemo\app\public\wp-includes\functions.php on line 6085
[10-Sep-2024 06:48:11 UTC] Automatic updates starting...
[10-Sep-2024 06:48:12 UTC]   Automatic plugin updates starting...
[10-Sep-2024 06:48:12 UTC]   Automatic plugin updates complete.
[10-Sep-2024 06:48:13 UTC]   Automatic theme updates starting...
[10-Sep-2024 06:48:13 UTC]   Automatic theme updates complete.
[10-Sep-2024 06:48:13 UTC] Automatic updates complete.
[10-Sep-2024 06:49:24 UTC] PHP Fatal error:  Uncaught ArgumentCountError: 4 arguments are required, 1 given in C:\Users\86150\Local Sites\woodemo\app\public\wp-content\themes\woo-demo\woocommerce\myaccount\dashboard.php:51
Stack trace:
#0 C:\Users\86150\Local Sites\woodemo\app\public\wp-content\themes\woo-demo\woocommerce\myaccount\dashboard.php(51): printf('From your accou...')
#1 C:\Users\86150\Local Sites\woodemo\app\public\wp-content\plugins\woocommerce\includes\wc-core-functions.php(345): include('C:\\Users\\86150\\...')
#2 C:\Users\86150\Local Sites\woodemo\app\public\wp-content\plugins\woocommerce\includes\wc-template-functions.php(3277): wc_get_template('myaccount/dashb...', Array)
#3 C:\Users\86150\Local Sites\woodemo\app\public\wp-includes\class-wp-hook.php(324): woocommerce_account_content('')
#4 C:\Users\86150\Local Sites\woodemo\app\public\wp-includes\class-wp-hook.php(348): WP_Hook->apply_filters(NULL, Array)
#5 C:\Users\86150\Local Sites\woodemo\app\public\wp-includes\plugin.php(517): WP_Hook->do_action(Array)
#6 C:\Users\86150\Local Sites\woodemo\app\public\wp-content\themes\woo-demo\woocommerce\myaccount\my-account.php(34): do_action('woocommerce_acc...')
#7 C:\Users\86150\Local Sites\woodemo\app\public\wp-content\plugins\woocommerce\includes\wc-core-functions.php(345): include('C:\\Users\\86150\\...')
#8 C:\Users\86150\Local Sites\woodemo\app\public\wp-content\plugins\woocommerce\includes\shortcodes\class-wc-shortcode-my-account.php(123): wc_get_template('myaccount/my-ac...', Array)
#9 C:\Users\86150\Local Sites\woodemo\app\public\wp-content\plugins\woocommerce\includes\shortcodes\class-wc-shortcode-my-account.php(72): WC_Shortcode_My_Account::my_account(Array)
#10 C:\Users\86150\Local Sites\woodemo\app\public\wp-content\plugins\woocommerce\includes\class-wc-shortcodes.php(72): WC_Shortcode_My_Account::output(Array)
#11 C:\Users\86150\Local Sites\woodemo\app\public\wp-content\plugins\woocommerce\includes\class-wc-shortcodes.php(115): WC_Shortcodes::shortcode_wrapper(Array, Array)
#12 C:\Users\86150\Local Sites\woodemo\app\public\wp-includes\shortcodes.php(434): WC_Shortcodes::my_account(Array, '', 'woocommerce_my_...')
#13 [internal function]: do_shortcode_tag(Array)
#14 C:\Users\86150\Local Sites\woodemo\app\public\wp-includes\shortcodes.php(273): preg_replace_callback('/\\[(\\[?)(woocom...', 'do_shortcode_ta...', '[woocommerce_my...')
#15 C:\Users\86150\Local Sites\woodemo\app\public\wp-includes\class-wp-hook.php(324): do_shortcode('[woocommerce_my...')
#16 C:\Users\86150\Local Sites\woodemo\app\public\wp-includes\plugin.php(205): WP_Hook->apply_filters('[woocommerce_my...', Array)
#17 C:\Users\86150\Local Sites\woodemo\app\public\wp-includes\post-template.php(256): apply_filters('the_content', '<!-- wp:shortco...')
#18 C:\Users\86150\Local Sites\woodemo\app\public\wp-content\themes\woo-demo\page.php(5): the_content()
#19 C:\Users\86150\Local Sites\woodemo\app\public\wp-includes\template-loader.php(106): include('C:\\Users\\86150\\...')
#20 C:\Users\86150\Local Sites\woodemo\app\public\wp-blog-header.php(19): require_once('C:\\Users\\86150\\...')
#21 C:\Users\86150\Local Sites\woodemo\app\public\index.php(17): require('C:\\Users\\86150\\...')
#22 {main}
  thrown in C:\Users\86150\Local Sites\woodemo\app\public\wp-content\themes\woo-demo\woocommerce\myaccount\dashboard.php on line 51
[10-Sep-2024 23:41:52 UTC] PHP Warning:  wp_version_check(): An unexpected error occurred. Something may be wrong with WordPress.org or this server&#8217;s configuration. If you continue to have problems, please try the <a href="https://wordpress.org/support/forums/">support forums</a>. (WordPress could not establish a secure connection to WordPress.org. Please contact your server administrator.) in C:\Users\86150\Local Sites\woodemo\app\public\wp-includes\functions.php on line 6085
[10-Sep-2024 23:41:52 UTC] PHP Warning:  wp_update_plugins(): An unexpected error occurred. Something may be wrong with WordPress.org or this server&#8217;s configuration. If you continue to have problems, please try the <a href="https://wordpress.org/support/forums/">support forums</a>. (WordPress could not establish a secure connection to WordPress.org. Please contact your server administrator.) in C:\Users\86150\Local Sites\woodemo\app\public\wp-includes\functions.php on line 6085
[10-Sep-2024 23:41:52 UTC] PHP Warning:  wp_update_themes(): An unexpected error occurred. Something may be wrong with WordPress.org or this server&#8217;s configuration. If you continue to have problems, please try the <a href="https://wordpress.org/support/forums/">support forums</a>. (WordPress could not establish a secure connection to WordPress.org. Please contact your server administrator.) in C:\Users\86150\Local Sites\woodemo\app\public\wp-includes\functions.php on line 6085
[11-Sep-2024 12:41:22 UTC] PHP Warning:  wp_version_check(): An unexpected error occurred. Something may be wrong with WordPress.org or this server&#8217;s configuration. If you continue to have problems, please try the <a href="https://wordpress.org/support/forums/">support forums</a>. (WordPress could not establish a secure connection to WordPress.org. Please contact your server administrator.) in C:\Users\86150\Local Sites\woodemo\app\public\wp-includes\functions.php on line 6085
[11-Sep-2024 12:41:23 UTC] PHP Warning:  wp_update_plugins(): An unexpected error occurred. Something may be wrong with WordPress.org or this server&#8217;s configuration. If you continue to have problems, please try the <a href="https://wordpress.org/support/forums/">support forums</a>. (WordPress could not establish a secure connection to WordPress.org. Please contact your server administrator.) in C:\Users\86150\Local Sites\woodemo\app\public\wp-includes\functions.php on line 6085
[11-Sep-2024 12:41:23 UTC] PHP Warning:  wp_update_themes(): An unexpected error occurred. Something may be wrong with WordPress.org or this server&#8217;s configuration. If you continue to have problems, please try the <a href="https://wordpress.org/support/forums/">support forums</a>. (WordPress could not establish a secure connection to WordPress.org. Please contact your server administrator.) in C:\Users\86150\Local Sites\woodemo\app\public\wp-includes\functions.php on line 6085
[12-Sep-2024 00:45:36 UTC] Loading template: C:\Users\86150\Local Sites\woodemo\app\public/wp-content/themes/woo-demo/index.php
[12-Sep-2024 00:45:36 UTC] Incorrect template loaded: index.php
[12-Sep-2024 00:45:38 UTC] Loading template: C:\Users\86150\Local Sites\woodemo\app\public/wp-content/themes/woo-demo/index.php
[12-Sep-2024 00:45:38 UTC] Incorrect template loaded: index.php
[12-Sep-2024 01:44:06 UTC] Loading template: C:\Users\86150\Local Sites\woodemo\app\public/wp-content/themes/woo-demo/index.php
[12-Sep-2024 01:44:06 UTC] Incorrect template loaded: index.php
[12-Sep-2024 02:12:19 UTC] Loading template: C:\Users\86150\Local Sites\woodemo\app\public/wp-content/themes/woo-demo/index.php
[12-Sep-2024 02:12:19 UTC] Incorrect template loaded: index.php
[12-Sep-2024 02:12:40 UTC] Loading template: C:\Users\86150\Local Sites\woodemo\app\public/wp-content/themes/woo-demo/index.php
[12-Sep-2024 02:12:40 UTC] Incorrect template loaded: index.php
[12-Sep-2024 02:12:53 UTC] Loading template: C:\Users\86150\Local Sites\woodemo\app\public/wp-content/themes/woo-demo/index.php
[12-Sep-2024 02:12:53 UTC] Incorrect template loaded: index.php
[12-Sep-2024 02:12:55 UTC] Loading template: C:\Users\86150\Local Sites\woodemo\app\public/wp-content/themes/woo-demo/index.php
[12-Sep-2024 02:12:55 UTC] Incorrect template loaded: index.php
[12-Sep-2024 23:59:10 UTC] Automatic updates starting...
[12-Sep-2024 23:59:11 UTC]   Automatic plugin updates starting...
[12-Sep-2024 23:59:11 UTC]   Automatic plugin updates complete.
[12-Sep-2024 23:59:12 UTC]   Automatic theme updates starting...
[12-Sep-2024 23:59:12 UTC]   Automatic theme updates complete.
[12-Sep-2024 23:59:12 UTC] Automatic updates complete.
[13-Sep-2024 07:21:34 UTC] Automatic updates starting...
[13-Sep-2024 07:21:35 UTC]   Automatic plugin updates starting...
[13-Sep-2024 07:21:35 UTC]   Automatic plugin updates complete.
[13-Sep-2024 07:21:36 UTC]   Automatic theme updates starting...
[13-Sep-2024 07:21:36 UTC]   Automatic theme updates complete.
[13-Sep-2024 07:21:36 UTC] Automatic updates complete.
